ERC report (2026-04-12T17:30:16+0530, Encoding UTF8)

***** Sheet /
[power_pin_not_driven]: Input Power pin not driven by any Output Power pins
    ; error
    @(2000 mils, 1200 mils): Symbol #PWR012 Pin 1 [Power input, Line]
[no_connect_dangling]: Unconnected "no connection" flag
    ; warning
    @(1850 mils, 2300 mils): No Connect
[multiple_net_names]: Both agnd and GND are attached to the same items; agnd will be used in the netlist
    ; warning
    @(10100 mils, 6000 mils): Global Label 'agnd'
    @(2800 mils, 1600 mils): Symbol #PWR018 Pin 1 [Power input, Line]
[no_connect_dangling]: Unconnected "no connection" flag
    ; warning
    @(4450 mils, 2300 mils): No Connect
[no_connect_dangling]: Unconnected "no connection" flag
    ; warning
    @(4400 mils, 3250 mils): No Connect
[no_connect_dangling]: Unconnected "no connection" flag
    ; warning
    @(4400 mils, 3350 mils): No Connect
[pin_to_pin]: Pins of type Open emitter and Output are connected
    ; error
    @(5800 mils, 1900 mils): Symbol Q1 Pin 2 [E, Open emitter, Line]
    @(4400 mils, 1800 mils): Symbol U3 Pin 24 [~{RTS}, Output, Line]
[pin_to_pin]: Pins of type Open emitter and Output are connected
    ; error
    @(5800 mils, 2750 mils): Symbol Q2 Pin 2 [E, Open emitter, Line]
    @(4400 mils, 2100 mils): Symbol U3 Pin 28 [~{DTR}, Output, Line]
[power_pin_not_driven]: Input Power pin not driven by any Output Power pins
    ; error
    @(6750 mils, 1650 mils): Symbol #PWR02 Pin 1 [Power input, Line]
[power_pin_not_driven]: Input Power pin not driven by any Output Power pins
    ; error
    @(7500 mils, 2350 mils): Symbol U5 Pin 3 [VI, Power input, Line]
[power_pin_not_driven]: Input Power pin not driven by any Output Power pins
    ; error
    @(3550 mils, 7150 mils): Symbol #PWR040 Pin 1 [Power input, Line]
[unconnected_wire_endpoint]: Unconnected wire endpoint
    ; warning
    @(8300 mils, 1600 mils): Vertical Wire, length 50 mils
[no_connect_dangling]: Unconnected "no connection" flag
    ; warning
    @(10600 mils, 2850 mils): No Connect
[power_pin_not_driven]: Input Power pin not driven by any Output Power pins
    ; error
    @(10200 mils, 4150 mils): Symbol U4 Pin 16 [DVDD, Power input, Line]

 ** ERC messages: 14  Errors 7  Warnings 7
